<?xml version="1.0" encoding="UTF-8"?>
<testsuites name="TS1_POS_CashSale" time="170.705" tests="1" failures="0" errors="0">
   <testsuite name="TS1_POS_CashSale" tests="1" failures="0" errors="0" time="170.705" skipped="0" timestamp="08-12-2024T08:25:15" hostname="azureuser - 10.192.8.5" id="Test Suites/DBC_Instance/PointofSale_Module/New_Interface/TS1_POS_CashSale">
      <properties>
[...]
</properties>
      <testcase name="Test Cases/DBC_Instance/PointofSale_Module/TS1_POS_CashSale/POS_CashSale - New" time="170.387" classname="Test Cases/DBC_Instance/PointofSale_Module/TS1_POS_CashSale/POS_CashSale - New" status="PASSED">
         <system-out><![CDATA[08-12-2024T08:25:16 - [TEST_CASE][PASSED] - Test Cases/DBC_Instance/PointofSale_Module/TS1_POS_CashSale/POS_CashSale - New: Test Cases/DBC_Instance/PointofSale_Module/TS1_POS_CashSale/POS_CashSale - New

08-12-2024T08:25:17 - [TEST_STEP][PASSED] - sourceTestData_FwksEnv = new java.io.FileInputStream(Source_Env): null

08-12-2024T08:25:17 - [TEST_STEP][PASSED] - sourceTestDataContainer_workbook = new org.apache.poi.xssf.usermodel.XSSFWorkbook(sourceTestData_FwksEnv): null

08-12-2024T08:25:17 - [TEST_STEP][PASSED] - sourceTestData_sheet = sourceTestDataContainer_workbook.getSheet("Sheet1"): null

08-12-2024T08:25:18 - [TEST_STEP][PASSED] - currentSheet_row = sourceTestData_sheet.getRow(4): null

08-12-2024T08:25:18 - [TEST_STEP][PASSED] - currentSheet_cell = currentSheet_row.getCell(1): null

08-12-2024T08:25:18 - [TEST_STEP][PASSED] - DBC_Demo = currentSheet_cell.getStringCellValue(): null

08-12-2024T08:25:18 - [TEST_STEP][PASSED] - println(DBC_Demo): null

08-12-2024T08:25:18 - [TEST_STEP][PASSED] - sourceTestData_FwksEnv.close(): null

08-12-2024T08:25:18 - [TEST_STEP][PASSED] - openBrowser(""): Browser is opened with url: ''

08-12-2024T08:25:18 - [MESSAGE][INFO] - Starting 'Chrome' driver

08-12-2024T08:25:18 - [MESSAGE][INFO] - Action delay is set to 0 milliseconds

08-12-2024T08:25:21 - [MESSAGE][PASSED] - Browser is opened with url: ''

08-12-2024T08:25:21 - [TEST_STEP][PASSED] - maximizeWindow(): Current window maximized

08-12-2024T08:25:21 - [MESSAGE][PASSED] - Current window maximized

08-12-2024T08:25:21 - [TEST_STEP][PASSED] - navigateToUrl(DBC_Demo): Navigate to 'http://frameworks.dahlsens.com.au:8080/FWDemo2/Fluid.html#homeDashboard,dash,Frameworks.Activity.Menu.HomeDashBoard' successfully

08-12-2024T08:25:22 - [MESSAGE][PASSED] - Navigate to 'http://frameworks.dahlsens.com.au:8080/FWDemo2/Fluid.html#homeDashboard,dash,Frameworks.Activity.Menu.HomeDashBoard' successfully

08-12-2024T08:25:22 - [TEST_STEP][PASSED] - setText(findTestObject("Object Repository/TS1_POS_CashSale_DBC/New_Interface/Page_Frameworks (Demo)/input_User ID_userid"), userName): Text 'manaki' is set on object 'Object Repository/TS1_POS_CashSale_DBC/New_Interface/Page_Frameworks (Demo)/input_User ID_userid'

08-12-2024T08:25:24 - [MESSAGE][PASSED] - Text 'manaki' is set on object 'Object Repository/TS1_POS_CashSale_DBC/New_Interface/Page_Frameworks (Demo)/input_User ID_userid'

08-12-2024T08:25:24 - [TEST_STEP][PASSED] - setEncryptedText(findTestObject("Object Repository/TS1_POS_CashSale_DBC/New_Interface/Page_Frameworks (Demo)/input_Password_password"), "FHoXGFMjtD0="): Text ****** has been set on object 'Object Repository/TS1_POS_CashSale_DBC/New_Interface/Page_Frameworks (Demo)/input_Password_password'

08-12-2024T08:25:25 - [MESSAGE][PASSED] - Text ****** has been set on object 'Object Repository/TS1_POS_CashSale_DBC/New_Interface/Page_Frameworks (Demo)/input_Password_password'

08-12-2024T08:25:25 - [TEST_STEP][PASSED] - click(findTestObject("Object Repository/TS1_POS_CashSale_DBC/New_Interface/Page_Frameworks (Demo)/div_Login")): Object: 'Object Repository/TS1_POS_CashSale_DBC/New_Interface/Page_Frameworks (Demo)/div_Login' is clicked on

08-12-2024T08:25:26 - [MESSAGE][PASSED] - Object: 'Object Repository/TS1_POS_CashSale_DBC/New_Interface/Page_Frameworks (Demo)/div_Login' is clicked on

08-12-2024T08:25:26 - [TEST_STEP][PASSED] - click(findTestObject("Object Repository/TS1_POS_CashSale_DBC/New_Interface/Page_Frameworks (Demo)/img_MenuIcon")): Object: 'Object Repository/TS1_POS_CashSale_DBC/New_Interface/Page_Frameworks (Demo)/img_MenuIcon' is clicked on

08-12-2024T08:25:57 - [MESSAGE][INFO] - Unable to find the element located by 'By.xpath: //img[contains(@src,'http://frameworks.dahlsens.com.au:8080/FWDemo/frameworks/sc/skins/Frameworks7/images/blank.gif')]'. Please recheck the objects properties to make sure the desired element is located. 

08-12-2024T08:25:57 - [MESSAGE][WARNING] - [SELF-HEALING] Failed to find element with id 'Object Repository/TS1_POS_CashSale_DBC/New_Interface/Page_Frameworks (Demo)/img_MenuIcon'. Try using Self-healing.

08-12-2024T08:25:57 - [MESSAGE][WARNING] - [SELF-HEALING] The current locator of test object 'Object Repository/TS1_POS_CashSale_DBC/New_Interface/Page_Frameworks (Demo)/img_MenuIcon' was broken. Propose an alternative one: '//img[@name='isc_Bmain']'.

08-12-2024T08:25:57 - [MESSAGE][PASSED] - Object: 'Object Repository/TS1_POS_CashSale_DBC/New_Interface/Page_Frameworks (Demo)/img_MenuIcon' is clicked on

08-12-2024T08:25:57 - [TEST_STEP][PASSED] - click(findTestObject("Object Repository/TS1_POS_CashSale_DBC/New_Interface/Page_Frameworks (Demo)/b_Transaction Processing")): Object: 'Object Repository/TS1_POS_CashSale_DBC/New_Interface/Page_Frameworks (Demo)/b_Transaction Processing' is clicked on

08-12-2024T08:25:58 - [MESSAGE][PASSED] - Object: 'Object Repository/TS1_POS_CashSale_DBC/New_Interface/Page_Frameworks (Demo)/b_Transaction Processing' is clicked on

08-12-2024T08:25:58 - [TEST_STEP][PASSED] - click(findTestObject("Object Repository/TS1_POS_CashSale_DBC/New_Interface/Page_Frameworks (Demo)/td_Point Of Sale")): Object: 'Object Repository/TS1_POS_CashSale_DBC/New_Interface/Page_Frameworks (Demo)/td_Point Of Sale' is clicked on

08-12-2024T08:25:59 - [MESSAGE][PASSED] - Object: 'Object Repository/TS1_POS_CashSale_DBC/New_Interface/Page_Frameworks (Demo)/td_Point Of Sale' is clicked on

08-12-2024T08:25:59 - [TEST_STEP][PASSED] - invoiceNum = getText(findTestObject("Object Repository/TS1_POS_CashSale_DBC/New_Interface/Page_Frameworks (Demo)/div_invoiceNum")): Text of object 'Object Repository/TS1_POS_CashSale_DBC/New_Interface/Page_Frameworks (Demo)/div_invoiceNum' is: '20338360'

08-12-2024T08:26:03 - [MESSAGE][PASSED] - Text of object 'Object Repository/TS1_POS_CashSale_DBC/New_Interface/Page_Frameworks (Demo)/div_invoiceNum' is: '20338360'

08-12-2024T08:26:03 - [TEST_STEP][PASSED] - setText(findTestObject("Object Repository/TS1_POS_CashSale_DBC/New_Interface/Page_Frameworks (Demo)/input_P_prodId"), "594"): Text '594' is set on object 'Object Repository/TS1_POS_CashSale_DBC/New_Interface/Page_Frameworks (Demo)/input_P_prodId'

08-12-2024T08:26:03 - [MESSAGE][PASSED] - Text '594' is set on object 'Object Repository/TS1_POS_CashSale_DBC/New_Interface/Page_Frameworks (Demo)/input_P_prodId'

08-12-2024T08:26:03 - [TEST_STEP][PASSED] - click(findTestObject("Object Repository/TS1_POS_CashSale_DBC/New_Interface/Page_Frameworks (Demo)/input_Quantity_quantityOrdered")): Object: 'Object Repository/TS1_POS_CashSale_DBC/New_Interface/Page_Frameworks (Demo)/input_Quantity_quantityOrdered' is clicked on

08-12-2024T08:26:04 - [MESSAGE][PASSED] - Object: 'Object Repository/TS1_POS_CashSale_DBC/New_Interface/Page_Frameworks (Demo)/input_Quantity_quantityOrdered' is clicked on

08-12-2024T08:26:04 - [TEST_STEP][PASSED] - click(findTestObject("Object Repository/TS1_POS_CashSale_DBC/New_Interface/Page_Frameworks (Demo)/img_add")): Object: 'Object Repository/TS1_POS_CashSale_DBC/New_Interface/Page_Frameworks (Demo)/img_add' is clicked on

08-12-2024T08:26:35 - [MESSAGE][INFO] - Unable to find the element located by 'By.xpath: //img[@src = 'http://frameworks.dahlsens.com.au:8080/FWDemo/frameworks/sc/skins/Frameworks7/images/custom/menus/checkmark-circle.png']'. Please recheck the objects properties to make sure the desired element is located. 

08-12-2024T08:26:35 - [MESSAGE][WARNING] - [SELF-HEALING] Failed to find element with id 'Object Repository/TS1_POS_CashSale_DBC/New_Interface/Page_Frameworks (Demo)/img_add'. Try using Self-healing.

08-12-2024T08:26:35 - [MESSAGE][WARNING] - [SELF-HEALING] The current locator of test object 'Object Repository/TS1_POS_CashSale_DBC/New_Interface/Page_Frameworks (Demo)/img_add' was broken. Propose an alternative one: '//a[@id='isc_GC']/img'.

08-12-2024T08:26:35 - [MESSAGE][PASSED] - Object: 'Object Repository/TS1_POS_CashSale_DBC/New_Interface/Page_Frameworks (Demo)/img_add' is clicked on

08-12-2024T08:26:35 - [TEST_STEP][PASSED] - delay(2): Delayed 2 second(s)

08-12-2024T08:26:37 - [MESSAGE][PASSED] - Delayed 2 second(s)

08-12-2024T08:26:38 - [TEST_STEP][PASSED] - takeFullPageScreenshot(): Taking screenshot successfully

08-12-2024T08:26:38 - [MESSAGE][INFO] - 0 hidden object(s)

08-12-2024T08:26:38 - [MESSAGE][PASSED] - Taking screenshot successfully
[[ATTACHMENT|C:\\Users\\azureuser\\git\\frameworks-regression-test-automation\\Reports\\20241208_082506\\DBC_Instance\\PointofSale_Module\\New_Interface\\TS1_POS_CashSale\\20241208_082506\\1733646398027.png]]

08-12-2024T08:26:38 - [TEST_STEP][PASSED] - setText(findTestObject("Object Repository/TS1_POS_CashSale_DBC/New_Interface/Page_Frameworks (Demo)/input_P_prodId"), "pfr7035"): Text 'pfr7035' is set on object 'Object Repository/TS1_POS_CashSale_DBC/New_Interface/Page_Frameworks (Demo)/input_P_prodId'

08-12-2024T08:26:39 - [MESSAGE][PASSED] - Text 'pfr7035' is set on object 'Object Repository/TS1_POS_CashSale_DBC/New_Interface/Page_Frameworks (Demo)/input_P_prodId'

08-12-2024T08:26:39 - [TEST_STEP][PASSED] - click(findTestObject("Object Repository/TS1_POS_CashSale_DBC/New_Interface/Page_Frameworks (Demo)/input_Quantity_quantityOrdered")): Object: 'Object Repository/TS1_POS_CashSale_DBC/New_Interface/Page_Frameworks (Demo)/input_Quantity_quantityOrdered' is clicked on

08-12-2024T08:26:39 - [MESSAGE][PASSED] - Object: 'Object Repository/TS1_POS_CashSale_DBC/New_Interface/Page_Frameworks (Demo)/input_Quantity_quantityOrdered' is clicked on

08-12-2024T08:26:39 - [TEST_STEP][PASSED] - click(findTestObject("Object Repository/TS1_POS_CashSale_DBC/New_Interface/Page_Frameworks (Demo)/td_Tally Maintenance")): Object: 'Object Repository/TS1_POS_CashSale_DBC/New_Interface/Page_Frameworks (Demo)/td_Tally Maintenance' is clicked on

08-12-2024T08:26:42 - [MESSAGE][PASSED] - Object: 'Object Repository/TS1_POS_CashSale_DBC/New_Interface/Page_Frameworks (Demo)/td_Tally Maintenance' is clicked on

08-12-2024T08:26:42 - [TEST_STEP][PASSED] - click(findTestObject("Object Repository/TS1_POS_CashSale_DBC/New_Interface/Page_Frameworks (Demo)/div_Quantity_Col")): Object: 'Object Repository/TS1_POS_CashSale_DBC/New_Interface/Page_Frameworks (Demo)/div_Quantity_Col' is clicked on

08-12-2024T08:26:43 - [MESSAGE][PASSED] - Object: 'Object Repository/TS1_POS_CashSale_DBC/New_Interface/Page_Frameworks (Demo)/div_Quantity_Col' is clicked on

08-12-2024T08:26:43 - [TEST_STEP][PASSED] - sendKeys(findTestObject("Object Repository/TS1_POS_CashSale_DBC/New_Interface/Page_Frameworks (Demo)/input_LM_tallyQuantity"), "1"): Keys '1' sent to object: 'Object Repository/TS1_POS_CashSale_DBC/New_Interface/Page_Frameworks (Demo)/input_LM_tallyQuantity'

08-12-2024T08:26:43 - [MESSAGE][PASSED] - Keys '1' sent to object: 'Object Repository/TS1_POS_CashSale_DBC/New_Interface/Page_Frameworks (Demo)/input_LM_tallyQuantity'

08-12-2024T08:26:43 - [TEST_STEP][PASSED] - click(findTestObject("Object Repository/TS1_POS_CashSale_DBC/New_Interface/Page_Frameworks (Demo)/div_Length_Col")): Object: 'Object Repository/TS1_POS_CashSale_DBC/New_Interface/Page_Frameworks (Demo)/div_Length_Col' is clicked on

08-12-2024T08:26:44 - [MESSAGE][PASSED] - Object: 'Object Repository/TS1_POS_CashSale_DBC/New_Interface/Page_Frameworks (Demo)/div_Length_Col' is clicked on

08-12-2024T08:26:44 - [TEST_STEP][PASSED] - sendKeys(findTestObject("Object Repository/TS1_POS_CashSale_DBC/New_Interface/Page_Frameworks (Demo)/input_LM_tallyLength"), "3"): Keys '3' sent to object: 'Object Repository/TS1_POS_CashSale_DBC/New_Interface/Page_Frameworks (Demo)/input_LM_tallyLength'

08-12-2024T08:26:45 - [MESSAGE][PASSED] - Keys '3' sent to object: 'Object Repository/TS1_POS_CashSale_DBC/New_Interface/Page_Frameworks (Demo)/input_LM_tallyLength'

08-12-2024T08:26:45 - [TEST_STEP][PASSED] - click(findTestObject("Object Repository/TS1_POS_CashSale_DBC/New_Interface/Page_Frameworks (Demo)/td_Add")): Object: 'Object Repository/TS1_POS_CashSale_DBC/New_Interface/Page_Frameworks (Demo)/td_Add' is clicked on

08-12-2024T08:26:45 - [MESSAGE][PASSED] - Object: 'Object Repository/TS1_POS_CashSale_DBC/New_Interface/Page_Frameworks (Demo)/td_Add' is clicked on

08-12-2024T08:26:45 - [TEST_STEP][PASSED] - sendKeys(findTestObject("Object Repository/TS1_POS_CashSale_DBC/New_Interface/Page_Frameworks (Demo)/input_LM_tallyQuantity_1_2"), "1"): Keys '1' sent to object: 'Object Repository/TS1_POS_CashSale_DBC/New_Interface/Page_Frameworks (Demo)/input_LM_tallyQuantity_1_2'

08-12-2024T08:26:47 - [MESSAGE][PASSED] - Keys '1' sent to object: 'Object Repository/TS1_POS_CashSale_DBC/New_Interface/Page_Frameworks (Demo)/input_LM_tallyQuantity_1_2'

08-12-2024T08:26:47 - [TEST_STEP][PASSED] - click(findTestObject("Object Repository/TS1_POS_CashSale_DBC/New_Interface/Page_Frameworks (Demo)/div_Length_Col_Row2")): Object: 'Object Repository/TS1_POS_CashSale_DBC/New_Interface/Page_Frameworks (Demo)/div_Length_Col_Row2' is clicked on

08-12-2024T08:26:47 - [MESSAGE][PASSED] - Object: 'Object Repository/TS1_POS_CashSale_DBC/New_Interface/Page_Frameworks (Demo)/div_Length_Col_Row2' is clicked on

08-12-2024T08:26:47 - [TEST_STEP][PASSED] - sendKeys(findTestObject("Object Repository/TS1_POS_CashSale_DBC/New_Interface/Page_Frameworks (Demo)/input_LM_tallyLength_1_2"), "2"): Keys '2' sent to object: 'Object Repository/TS1_POS_CashSale_DBC/New_Interface/Page_Frameworks (Demo)/input_LM_tallyLength_1_2'

08-12-2024T08:26:48 - [MESSAGE][PASSED] - Keys '2' sent to object: 'Object Repository/TS1_POS_CashSale_DBC/New_Interface/Page_Frameworks (Demo)/input_LM_tallyLength_1_2'

08-12-2024T08:26:48 - [TEST_STEP][PASSED] - delay(2): Delayed 2 second(s)

08-12-2024T08:26:50 - [MESSAGE][PASSED] - Delayed 2 second(s)

08-12-2024T08:26:50 - [TEST_STEP][PASSED] - takeFullPageScreenshot(): Taking screenshot successfully

08-12-2024T08:26:51 - [MESSAGE][INFO] - 0 hidden object(s)

08-12-2024T08:26:51 - [MESSAGE][PASSED] - Taking screenshot successfully
[[ATTACHMENT|C:\\Users\\azureuser\\git\\frameworks-regression-test-automation\\Reports\\20241208_082506\\DBC_Instance\\PointofSale_Module\\New_Interface\\TS1_POS_CashSale\\20241208_082506\\1733646410631.png]]

08-12-2024T08:26:51 - [TEST_STEP][PASSED] - click(findTestObject("Object Repository/TS1_POS_CashSale_DBC/New_Interface/Page_Frameworks (Demo)/td_SaveClose (S)")): Object: 'Object Repository/TS1_POS_CashSale_DBC/New_Interface/Page_Frameworks (Demo)/td_SaveClose (S)' is clicked on

08-12-2024T08:26:51 - [MESSAGE][PASSED] - Object: 'Object Repository/TS1_POS_CashSale_DBC/New_Interface/Page_Frameworks (Demo)/td_SaveClose (S)' is clicked on

08-12-2024T08:26:51 - [TEST_STEP][PASSED] - click(findTestObject("Object Repository/TS1_POS_CashSale_DBC/New_Interface/Page_Frameworks (Demo)/img_add")): Object: 'Object Repository/TS1_POS_CashSale_DBC/New_Interface/Page_Frameworks (Demo)/img_add' is clicked on

08-12-2024T08:27:22 - [MESSAGE][INFO] - Unable to find the element located by 'By.xpath: //img[@src = 'http://frameworks.dahlsens.com.au:8080/FWDemo/frameworks/sc/skins/Frameworks7/images/custom/menus/checkmark-circle.png']'. Please recheck the objects properties to make sure the desired element is located. 

08-12-2024T08:27:22 - [MESSAGE][WARNING] - [SELF-HEALING] Failed to find element with id 'Object Repository/TS1_POS_CashSale_DBC/New_Interface/Page_Frameworks (Demo)/img_add'. Try using Self-healing.

08-12-2024T08:27:23 - [MESSAGE][WARNING] - [SELF-HEALING] The current locator of test object 'Object Repository/TS1_POS_CashSale_DBC/New_Interface/Page_Frameworks (Demo)/img_add' was broken. Propose an alternative one: '//a[@id='isc_GC']/img'.

08-12-2024T08:27:23 - [MESSAGE][PASSED] - Object: 'Object Repository/TS1_POS_CashSale_DBC/New_Interface/Page_Frameworks (Demo)/img_add' is clicked on

08-12-2024T08:27:23 - [TEST_STEP][PASSED] - delay(2): Delayed 2 second(s)

08-12-2024T08:27:25 - [MESSAGE][PASSED] - Delayed 2 second(s)

08-12-2024T08:27:25 - [TEST_STEP][PASSED] - takeFullPageScreenshot(): Taking screenshot successfully

08-12-2024T08:27:25 - [MESSAGE][INFO] - 0 hidden object(s)

08-12-2024T08:27:25 - [MESSAGE][PASSED] - Taking screenshot successfully
[[ATTACHMENT|C:\\Users\\azureuser\\git\\frameworks-regression-test-automation\\Reports\\20241208_082506\\DBC_Instance\\PointofSale_Module\\New_Interface\\TS1_POS_CashSale\\20241208_082506\\1733646445388.png]]

08-12-2024T08:27:25 - [TEST_STEP][PASSED] - click(findTestObject("Object Repository/TS1_POS_CashSale_DBC/New_Interface/Page_Frameworks (Demo)/div_FinishSale (S)")): Object: 'Object Repository/TS1_POS_CashSale_DBC/New_Interface/Page_Frameworks (Demo)/div_FinishSale (S)' is clicked on

08-12-2024T08:27:26 - [MESSAGE][PASSED] - Object: 'Object Repository/TS1_POS_CashSale_DBC/New_Interface/Page_Frameworks (Demo)/div_FinishSale (S)' is clicked on

08-12-2024T08:27:26 - [TEST_STEP][PASSED] - click(findTestObject("Object Repository/TS1_POS_CashSale_DBC/New_Interface/Page_Frameworks (Demo)/div_100 Cash")): Object: 'Object Repository/TS1_POS_CashSale_DBC/New_Interface/Page_Frameworks (Demo)/div_100 Cash' is clicked on

08-12-2024T08:27:31 - [MESSAGE][PASSED] - Object: 'Object Repository/TS1_POS_CashSale_DBC/New_Interface/Page_Frameworks (Demo)/div_100 Cash' is clicked on

08-12-2024T08:27:31 - [TEST_STEP][PASSED] - delay(2): Delayed 2 second(s)

08-12-2024T08:27:33 - [MESSAGE][PASSED] - Delayed 2 second(s)

08-12-2024T08:27:33 - [TEST_STEP][PASSED] - takeFullPageScreenshot(): Taking screenshot successfully

08-12-2024T08:27:33 - [MESSAGE][INFO] - 0 hidden object(s)

08-12-2024T08:27:33 - [MESSAGE][PASSED] - Taking screenshot successfully
[[ATTACHMENT|C:\\Users\\azureuser\\git\\frameworks-regression-test-automation\\Reports\\20241208_082506\\DBC_Instance\\PointofSale_Module\\New_Interface\\TS1_POS_CashSale\\20241208_082506\\1733646453156.png]]

08-12-2024T08:27:33 - [TEST_STEP][PASSED] - click(findTestObject("Object Repository/TS1_POS_CashSale_DBC/New_Interface/Page_Frameworks (Demo)/td_SaveClose (S)")): Object: 'Object Repository/TS1_POS_CashSale_DBC/New_Interface/Page_Frameworks (Demo)/td_SaveClose (S)' is clicked on

08-12-2024T08:27:34 - [MESSAGE][PASSED] - Object: 'Object Repository/TS1_POS_CashSale_DBC/New_Interface/Page_Frameworks (Demo)/td_SaveClose (S)' is clicked on

08-12-2024T08:27:34 - [TEST_STEP][PASSED] - click(findTestObject("Object Repository/TS2_POS_AccountSale_DBC/New_Interface/Page_Frameworks (Demo)/img_AccountDropdown")): Object: 'Object Repository/TS2_POS_AccountSale_DBC/New_Interface/Page_Frameworks (Demo)/img_AccountDropdown' is clicked on

08-12-2024T08:28:05 - [MESSAGE][INFO] - Unable to find the element located by 'By.xpath: //img[contains(@src,'http://frameworks.dahlsens.com.au:8080/FWDemo/frameworks/sc/skins/Frameworks7/images/Menu/menu_button.png')]'. Please recheck the objects properties to make sure the desired element is located. 

08-12-2024T08:28:05 - [MESSAGE][WARNING] - [SELF-HEALING] Failed to find element with id 'Object Repository/TS2_POS_AccountSale_DBC/New_Interface/Page_Frameworks (Demo)/img_AccountDropdown'. Try using Self-healing.

08-12-2024T08:28:05 - [MESSAGE][WARNING] - [SELF-HEALING] The current locator of test object 'Object Repository/TS2_POS_AccountSale_DBC/New_Interface/Page_Frameworks (Demo)/img_AccountDropdown' was broken. Propose an alternative one: '//img[@name='isc_Ticon']'.

08-12-2024T08:28:05 - [MESSAGE][PASSED] - Object: 'Object Repository/TS2_POS_AccountSale_DBC/New_Interface/Page_Frameworks (Demo)/img_AccountDropdown' is clicked on

08-12-2024T08:28:05 - [TEST_STEP][PASSED] - click(findTestObject("Object Repository/TS2_POS_AccountSale_DBC/New_Interface/Page_Frameworks (Demo)/div_Logout")): Object: 'Object Repository/TS2_POS_AccountSale_DBC/New_Interface/Page_Frameworks (Demo)/div_Logout' is clicked on

08-12-2024T08:28:06 - [MESSAGE][PASSED] - Object: 'Object Repository/TS2_POS_AccountSale_DBC/New_Interface/Page_Frameworks (Demo)/div_Logout' is clicked on]]></system-out>
         <system-err><![CDATA[]]></system-err>
      </testcase>
      <system-out><![CDATA[08-12-2024T08:25:15 - [TEST_SUITE][PASSED] - TS1_POS_CashSale: Test Cases/DBC_Instance/PointofSale_Module/TS1_POS_CashSale/POS_CashSale - New]]></system-out>
      <system-err><![CDATA[]]></system-err>
   </testsuite>
</testsuites>
