<?xml version="1.0" encoding="UTF-8"?>
<testsuites name="TS2_POS_AccountSale_CHC" time="77.208" tests="2" failures="0" errors="0">
   <testsuite name="TS2_POS_AccountSale_CHC" tests="2" failures="0" errors="0" time="77.208" skipped="0" timestamp="17-09-2024T12:04:28" hostname="User - ROG" id="Test Suites/CHC_Instance/PointofSale_Module/TS2_POS_AccountSale_CHC">
      <properties>
[...]
</properties>
      <testcase name="Test Cases/CHC_Instance/PointofSale_Module/TS2_POS_AccountSale/POS_AccountSale_CHC" time="56.303" classname="Test Cases/CHC_Instance/PointofSale_Module/TS2_POS_AccountSale/POS_AccountSale_CHC" status="PASSED">
         <system-out><![CDATA[17-09-2024T12:04:28 - [TEST_CASE][PASSED] - Test Cases/CHC_Instance/PointofSale_Module/TS2_POS_AccountSale/POS_AccountSale_CHC: Test Cases/CHC_Instance/PointofSale_Module/TS2_POS_AccountSale/POS_AccountSale_CHC

17-09-2024T12:04:29 - [TEST_STEP][PASSED] - openBrowser(""): Browser is opened with url: ''

17-09-2024T12:04:29 - [MESSAGE][INFO] - Starting 'Chrome' driver

17-09-2024T12:04:29 - [MESSAGE][INFO] - Action delay is set to 0 milliseconds

17-09-2024T12:04:30 - [MESSAGE][PASSED] - Browser is opened with url: ''

17-09-2024T12:04:30 - [TEST_STEP][PASSED] - maximizeWindow(): Current window maximized

17-09-2024T12:04:31 - [MESSAGE][PASSED] - Current window maximized

17-09-2024T12:04:31 - [TEST_STEP][PASSED] - navigateToUrl("http://frameworks.cairnshardware.com.au:8080/FWDemo/Fluid.html#homeDashboard,dash,Frameworks.Activity.Menu.HomeDashBoard"): Navigate to 'http://frameworks.cairnshardware.com.au:8080/FWDemo/Fluid.html#homeDashboard,dash,Frameworks.Activity.Menu.HomeDashBoard' successfully

17-09-2024T12:04:37 - [MESSAGE][PASSED] - Navigate to 'http://frameworks.cairnshardware.com.au:8080/FWDemo/Fluid.html#homeDashboard,dash,Frameworks.Activity.Menu.HomeDashBoard' successfully

17-09-2024T12:04:37 - [TEST_STEP][PASSED] - setText(findTestObject("Object Repository/POS_AccountSale_CHC/Page_Frameworks (Demo)/input_User ID_userid"), userName): Text 'manaki' is set on object 'Object Repository/POS_AccountSale_CHC/Page_Frameworks (Demo)/input_User ID_userid'

17-09-2024T12:04:43 - [MESSAGE][PASSED] - Text 'manaki' is set on object 'Object Repository/POS_AccountSale_CHC/Page_Frameworks (Demo)/input_User ID_userid'

17-09-2024T12:04:43 - [TEST_STEP][PASSED] - setEncryptedText(findTestObject("Object Repository/POS_AccountSale_CHC/Page_Frameworks (Demo)/input_Password_password"), "BvRmjN+0xFM="): Text ****** has been set on object 'Object Repository/POS_AccountSale_CHC/Page_Frameworks (Demo)/input_Password_password'

17-09-2024T12:04:43 - [MESSAGE][PASSED] - Text ****** has been set on object 'Object Repository/POS_AccountSale_CHC/Page_Frameworks (Demo)/input_Password_password'

17-09-2024T12:04:43 - [TEST_STEP][PASSED] - click(findTestObject("Object Repository/POS_AccountSale_CHC/Page_Frameworks (Demo)/div_Login")): Object: 'Object Repository/POS_AccountSale_CHC/Page_Frameworks (Demo)/div_Login' is clicked on

17-09-2024T12:04:44 - [MESSAGE][PASSED] - Object: 'Object Repository/POS_AccountSale_CHC/Page_Frameworks (Demo)/div_Login' is clicked on

17-09-2024T12:04:44 - [TEST_STEP][PASSED] - click(findTestObject("Object Repository/POS_AccountSale_CHC/Page_Frameworks (Demo)/Fws_Menu")): Object: 'Object Repository/POS_AccountSale_CHC/Page_Frameworks (Demo)/Fws_Menu' is clicked on

17-09-2024T12:04:46 - [MESSAGE][PASSED] - Object: 'Object Repository/POS_AccountSale_CHC/Page_Frameworks (Demo)/Fws_Menu' is clicked on

17-09-2024T12:04:46 - [TEST_STEP][PASSED] - click(findTestObject("Object Repository/POS_AccountSale_CHC/Page_Frameworks (Demo)/Sales_TransactionProcessing")): Object: 'Object Repository/POS_AccountSale_CHC/Page_Frameworks (Demo)/Sales_TransactionProcessing' is clicked on

17-09-2024T12:04:46 - [MESSAGE][PASSED] - Object: 'Object Repository/POS_AccountSale_CHC/Page_Frameworks (Demo)/Sales_TransactionProcessing' is clicked on

17-09-2024T12:04:46 - [TEST_STEP][PASSED] - click(findTestObject("Object Repository/POS_AccountSale_CHC/Page_Frameworks (Demo)/td_Point Of Sale")): Object: 'Object Repository/POS_AccountSale_CHC/Page_Frameworks (Demo)/td_Point Of Sale' is clicked on

17-09-2024T12:04:47 - [MESSAGE][PASSED] - Object: 'Object Repository/POS_AccountSale_CHC/Page_Frameworks (Demo)/td_Point Of Sale' is clicked on

17-09-2024T12:04:47 - [TEST_STEP][PASSED] - setText(findTestObject("Object Repository/POS_AccountSale_CHC/Page_Frameworks (Demo)/input_m_customerIdX"), "Lee Pearce"): Text 'Lee Pearce' is set on object 'Object Repository/POS_AccountSale_CHC/Page_Frameworks (Demo)/input_m_customerIdX'

17-09-2024T12:04:51 - [MESSAGE][PASSED] - Text 'Lee Pearce' is set on object 'Object Repository/POS_AccountSale_CHC/Page_Frameworks (Demo)/input_m_customerIdX'

17-09-2024T12:04:51 - [TEST_STEP][PASSED] - click(findTestObject("Object Repository/POS_AccountSale_CHC/Page_Frameworks (Demo)/div_Lee Pearce (518451)")): Object: 'Object Repository/POS_AccountSale_CHC/Page_Frameworks (Demo)/div_Lee Pearce (518451)' is clicked on

17-09-2024T12:04:52 - [MESSAGE][PASSED] - Object: 'Object Repository/POS_AccountSale_CHC/Page_Frameworks (Demo)/div_Lee Pearce (518451)' is clicked on

17-09-2024T12:04:52 - [TEST_STEP][PASSED] - click(findTestObject("Object Repository/POS_AccountSale_CHC/Page_Frameworks (Demo)/Page_Frameworks (Demo)/span_Point Of Sale")): Object: 'Object Repository/POS_AccountSale_CHC/Page_Frameworks (Demo)/Page_Frameworks (Demo)/span_Point Of Sale' is clicked on

17-09-2024T12:04:53 - [MESSAGE][PASSED] - Object: 'Object Repository/POS_AccountSale_CHC/Page_Frameworks (Demo)/Page_Frameworks (Demo)/span_Point Of Sale' is clicked on

17-09-2024T12:04:53 - [TEST_STEP][PASSED] - click(findTestObject("Object Repository/POS_AccountSale_CHC/Page_Frameworks (Demo)/Page_Frameworks (Demo)/td_Close (O)")): Object: 'Object Repository/POS_AccountSale_CHC/Page_Frameworks (Demo)/Page_Frameworks (Demo)/td_Close (O)' is clicked on

17-09-2024T12:04:54 - [MESSAGE][PASSED] - Object: 'Object Repository/POS_AccountSale_CHC/Page_Frameworks (Demo)/Page_Frameworks (Demo)/td_Close (O)' is clicked on

17-09-2024T12:04:54 - [TEST_STEP][PASSED] - invoiceNum = getText(findTestObject("Object Repository/TS2_POS_AccountSale_DBC/New_Interface/Page_Frameworks (Demo)/div_invoiceNum")): Text of object 'Object Repository/TS2_POS_AccountSale_DBC/New_Interface/Page_Frameworks (Demo)/div_invoiceNum' is: '12965188'

17-09-2024T12:04:55 - [MESSAGE][PASSED] - Text of object 'Object Repository/TS2_POS_AccountSale_DBC/New_Interface/Page_Frameworks (Demo)/div_invoiceNum' is: '12965188'

17-09-2024T12:04:55 - [TEST_STEP][PASSED] - setText(findTestObject("Object Repository/POS_AccountSale_CHC/Page_Frameworks (Demo)/input_P_prodId"), "5006866"): Text '5006866' is set on object 'Object Repository/POS_AccountSale_CHC/Page_Frameworks (Demo)/input_P_prodId'

17-09-2024T12:04:56 - [MESSAGE][PASSED] - Text '5006866' is set on object 'Object Repository/POS_AccountSale_CHC/Page_Frameworks (Demo)/input_P_prodId'

17-09-2024T12:04:56 - [TEST_STEP][PASSED] - delay(2): Delayed 2 second(s)

17-09-2024T12:04:58 - [MESSAGE][PASSED] - Delayed 2 second(s)

17-09-2024T12:04:58 - [TEST_STEP][PASSED] - click(findTestObject("Object Repository/POS_AccountSale_CHC/Page_Frameworks (Demo)/input_Quantity_quantityOrdered")): Object: 'Object Repository/POS_AccountSale_CHC/Page_Frameworks (Demo)/input_Quantity_quantityOrdered' is clicked on

17-09-2024T12:04:58 - [MESSAGE][PASSED] - Object: 'Object Repository/POS_AccountSale_CHC/Page_Frameworks (Demo)/input_Quantity_quantityOrdered' is clicked on

17-09-2024T12:04:58 - [TEST_STEP][PASSED] - delay(2): Delayed 2 second(s)

17-09-2024T12:05:00 - [MESSAGE][PASSED] - Delayed 2 second(s)

17-09-2024T12:05:00 - [TEST_STEP][PASSED] - takeFullPageScreenshot(): Taking screenshot successfully

17-09-2024T12:05:01 - [MESSAGE][INFO] - 0 hidden object(s)

17-09-2024T12:05:01 - [MESSAGE][PASSED] - Taking screenshot successfully
[[ATTACHMENT|C:\\Users\\User\\git\\frameworks-regression-test-automation\\Reports\\20240917_120422\\CHC_Instance\\PointofSale_Module\\TS2_POS_AccountSale_CHC\\20240917_120422\\1726538700507.png]]

17-09-2024T12:05:01 - [TEST_STEP][PASSED] - click(findTestObject("Object Repository/POS_AccountSale_CHC/Page_Frameworks (Demo)/img_add")): Object: 'Object Repository/POS_AccountSale_CHC/Page_Frameworks (Demo)/img_add' is clicked on

17-09-2024T12:05:01 - [MESSAGE][PASSED] - Object: 'Object Repository/POS_AccountSale_CHC/Page_Frameworks (Demo)/img_add' is clicked on

17-09-2024T12:05:01 - [TEST_STEP][PASSED] - delay(2): Delayed 2 second(s)

17-09-2024T12:05:03 - [MESSAGE][PASSED] - Delayed 2 second(s)

17-09-2024T12:05:03 - [TEST_STEP][PASSED] - takeFullPageScreenshot(): Taking screenshot successfully

17-09-2024T12:05:04 - [MESSAGE][INFO] - 0 hidden object(s)

17-09-2024T12:05:04 - [MESSAGE][PASSED] - Taking screenshot successfully
[[ATTACHMENT|C:\\Users\\User\\git\\frameworks-regression-test-automation\\Reports\\20240917_120422\\CHC_Instance\\PointofSale_Module\\TS2_POS_AccountSale_CHC\\20240917_120422\\1726538703599.png]]

17-09-2024T12:05:04 - [TEST_STEP][PASSED] - setText(findTestObject("Object Repository/POS_CashSale_CHC/Page_Frameworks (Demo)/input_P_prodId"), "5155103"): Text '5155103' is set on object 'Object Repository/POS_CashSale_CHC/Page_Frameworks (Demo)/input_P_prodId'

17-09-2024T12:05:04 - [MESSAGE][PASSED] - Text '5155103' is set on object 'Object Repository/POS_CashSale_CHC/Page_Frameworks (Demo)/input_P_prodId'

17-09-2024T12:05:04 - [TEST_STEP][PASSED] - click(findTestObject("Object Repository/POS_CashSale_CHC/Page_Frameworks (Demo)/input_Quantity_quantityOrdered")): Object: 'Object Repository/POS_CashSale_CHC/Page_Frameworks (Demo)/input_Quantity_quantityOrdered' is clicked on

17-09-2024T12:05:05 - [MESSAGE][PASSED] - Object: 'Object Repository/POS_CashSale_CHC/Page_Frameworks (Demo)/input_Quantity_quantityOrdered' is clicked on

17-09-2024T12:05:05 - [TEST_STEP][PASSED] - delay(2): Delayed 2 second(s)

17-09-2024T12:05:07 - [MESSAGE][PASSED] - Delayed 2 second(s)

17-09-2024T12:05:07 - [TEST_STEP][PASSED] - click(findTestObject("Object Repository/POS_AccountSale_CHC/Page_Frameworks (Demo)/Page_Frameworks (Demo)/td_Tally Maintenance")): Object: 'Object Repository/POS_AccountSale_CHC/Page_Frameworks (Demo)/Page_Frameworks (Demo)/td_Tally Maintenance' is clicked on

17-09-2024T12:05:07 - [MESSAGE][PASSED] - Object: 'Object Repository/POS_AccountSale_CHC/Page_Frameworks (Demo)/Page_Frameworks (Demo)/td_Tally Maintenance' is clicked on

17-09-2024T12:05:07 - [TEST_STEP][PASSED] - click(findTestObject("Object Repository/POS_AccountSale_CHC/Page_Frameworks (Demo)/Page_Frameworks (Demo)/div_Quantity_Col")): Object: 'Object Repository/POS_AccountSale_CHC/Page_Frameworks (Demo)/Page_Frameworks (Demo)/div_Quantity_Col' is clicked on

17-09-2024T12:05:08 - [MESSAGE][PASSED] - Object: 'Object Repository/POS_AccountSale_CHC/Page_Frameworks (Demo)/Page_Frameworks (Demo)/div_Quantity_Col' is clicked on

17-09-2024T12:05:08 - [TEST_STEP][PASSED] - sendKeys(findTestObject("Object Repository/POS_AccountSale_CHC/Page_Frameworks (Demo)/Page_Frameworks (Demo)/input_LM_tallyQuantity"), "1"): Keys '1' sent to object: 'Object Repository/POS_AccountSale_CHC/Page_Frameworks (Demo)/Page_Frameworks (Demo)/input_LM_tallyQuantity'

17-09-2024T12:05:08 - [MESSAGE][PASSED] - Keys '1' sent to object: 'Object Repository/POS_AccountSale_CHC/Page_Frameworks (Demo)/Page_Frameworks (Demo)/input_LM_tallyQuantity'

17-09-2024T12:05:08 - [TEST_STEP][PASSED] - click(findTestObject("Object Repository/POS_AccountSale_CHC/Page_Frameworks (Demo)/Page_Frameworks (Demo)/div_Length_Col")): Object: 'Object Repository/POS_AccountSale_CHC/Page_Frameworks (Demo)/Page_Frameworks (Demo)/div_Length_Col' is clicked on

17-09-2024T12:05:09 - [MESSAGE][PASSED] - Object: 'Object Repository/POS_AccountSale_CHC/Page_Frameworks (Demo)/Page_Frameworks (Demo)/div_Length_Col' is clicked on

17-09-2024T12:05:09 - [TEST_STEP][PASSED] - sendKeys(findTestObject("Object Repository/POS_AccountSale_CHC/Page_Frameworks (Demo)/Page_Frameworks (Demo)/input_LM_tallyLength"), "3"): Keys '3' sent to object: 'Object Repository/POS_AccountSale_CHC/Page_Frameworks (Demo)/Page_Frameworks (Demo)/input_LM_tallyLength'

17-09-2024T12:05:09 - [MESSAGE][PASSED] - Keys '3' sent to object: 'Object Repository/POS_AccountSale_CHC/Page_Frameworks (Demo)/Page_Frameworks (Demo)/input_LM_tallyLength'

17-09-2024T12:05:09 - [TEST_STEP][PASSED] - click(findTestObject("Object Repository/POS_AccountSale_CHC/Page_Frameworks (Demo)/Page_Frameworks (Demo)/td_Add")): Object: 'Object Repository/POS_AccountSale_CHC/Page_Frameworks (Demo)/Page_Frameworks (Demo)/td_Add' is clicked on

17-09-2024T12:05:10 - [MESSAGE][PASSED] - Object: 'Object Repository/POS_AccountSale_CHC/Page_Frameworks (Demo)/Page_Frameworks (Demo)/td_Add' is clicked on

17-09-2024T12:05:10 - [TEST_STEP][PASSED] - sendKeys(findTestObject("Object Repository/POS_AccountSale_CHC/Page_Frameworks (Demo)/Page_Frameworks (Demo)/input_LM_tallyQuantity_1"), "1"): Keys '1' sent to object: 'Object Repository/POS_AccountSale_CHC/Page_Frameworks (Demo)/Page_Frameworks (Demo)/input_LM_tallyQuantity_1'

17-09-2024T12:05:11 - [MESSAGE][PASSED] - Keys '1' sent to object: 'Object Repository/POS_AccountSale_CHC/Page_Frameworks (Demo)/Page_Frameworks (Demo)/input_LM_tallyQuantity_1'

17-09-2024T12:05:11 - [TEST_STEP][PASSED] - click(findTestObject("Object Repository/POS_AccountSale_CHC/Page_Frameworks (Demo)/Page_Frameworks (Demo)/div_Length_Col_Row2")): Object: 'Object Repository/POS_AccountSale_CHC/Page_Frameworks (Demo)/Page_Frameworks (Demo)/div_Length_Col_Row2' is clicked on

17-09-2024T12:05:11 - [MESSAGE][PASSED] - Object: 'Object Repository/POS_AccountSale_CHC/Page_Frameworks (Demo)/Page_Frameworks (Demo)/div_Length_Col_Row2' is clicked on

17-09-2024T12:05:11 - [TEST_STEP][PASSED] - sendKeys(findTestObject("Object Repository/POS_AccountSale_CHC/Page_Frameworks (Demo)/Page_Frameworks (Demo)/input_LM_tallyLength_1"), "2"): Keys '2' sent to object: 'Object Repository/POS_AccountSale_CHC/Page_Frameworks (Demo)/Page_Frameworks (Demo)/input_LM_tallyLength_1'

17-09-2024T12:05:12 - [MESSAGE][PASSED] - Keys '2' sent to object: 'Object Repository/POS_AccountSale_CHC/Page_Frameworks (Demo)/Page_Frameworks (Demo)/input_LM_tallyLength_1'

17-09-2024T12:05:12 - [TEST_STEP][PASSED] - delay(2): Delayed 2 second(s)

17-09-2024T12:05:14 - [MESSAGE][PASSED] - Delayed 2 second(s)

17-09-2024T12:05:14 - [TEST_STEP][PASSED] - takeFullPageScreenshot(): Taking screenshot successfully

17-09-2024T12:05:14 - [MESSAGE][INFO] - 0 hidden object(s)

17-09-2024T12:05:14 - [MESSAGE][PASSED] - Taking screenshot successfully
[[ATTACHMENT|C:\\Users\\User\\git\\frameworks-regression-test-automation\\Reports\\20240917_120422\\CHC_Instance\\PointofSale_Module\\TS2_POS_AccountSale_CHC\\20240917_120422\\1726538714322.png]]

17-09-2024T12:05:14 - [TEST_STEP][PASSED] - click(findTestObject("Object Repository/POS_AccountSale_CHC/Page_Frameworks (Demo)/Page_Frameworks (Demo)/td_SaveClose (S)")): Object: 'Object Repository/POS_AccountSale_CHC/Page_Frameworks (Demo)/Page_Frameworks (Demo)/td_SaveClose (S)' is clicked on

17-09-2024T12:05:15 - [MESSAGE][PASSED] - Object: 'Object Repository/POS_AccountSale_CHC/Page_Frameworks (Demo)/Page_Frameworks (Demo)/td_SaveClose (S)' is clicked on

17-09-2024T12:05:15 - [TEST_STEP][PASSED] - delay(2): Delayed 2 second(s)

17-09-2024T12:05:17 - [MESSAGE][PASSED] - Delayed 2 second(s)

17-09-2024T12:05:17 - [TEST_STEP][PASSED] - takeFullPageScreenshot(): Taking screenshot successfully

17-09-2024T12:05:17 - [MESSAGE][INFO] - 0 hidden object(s)

17-09-2024T12:05:17 - [MESSAGE][PASSED] - Taking screenshot successfully
[[ATTACHMENT|C:\\Users\\User\\git\\frameworks-regression-test-automation\\Reports\\20240917_120422\\CHC_Instance\\PointofSale_Module\\TS2_POS_AccountSale_CHC\\20240917_120422\\1726538717224.png]]

17-09-2024T12:05:17 - [TEST_STEP][PASSED] - click(findTestObject("Object Repository/POS_CashSale_CHC/Page_Frameworks (Demo)/img_add")): Object: 'Object Repository/POS_CashSale_CHC/Page_Frameworks (Demo)/img_add' is clicked on

17-09-2024T12:05:18 - [MESSAGE][PASSED] - Object: 'Object Repository/POS_CashSale_CHC/Page_Frameworks (Demo)/img_add' is clicked on

17-09-2024T12:05:18 - [TEST_STEP][PASSED] - delay(2): Delayed 2 second(s)

17-09-2024T12:05:20 - [MESSAGE][PASSED] - Delayed 2 second(s)

17-09-2024T12:05:20 - [TEST_STEP][PASSED] - takeFullPageScreenshot(): Taking screenshot successfully

17-09-2024T12:05:20 - [MESSAGE][INFO] - 0 hidden object(s)

17-09-2024T12:05:20 - [MESSAGE][PASSED] - Taking screenshot successfully
[[ATTACHMENT|C:\\Users\\User\\git\\frameworks-regression-test-automation\\Reports\\20240917_120422\\CHC_Instance\\PointofSale_Module\\TS2_POS_AccountSale_CHC\\20240917_120422\\1726538720117.png]]

17-09-2024T12:05:20 - [TEST_STEP][PASSED] - click(findTestObject("Object Repository/POS_AccountSale_CHC/Page_Frameworks (Demo)/Page_Frameworks (Demo)/div_ACCOUNT (A)")): Object: 'Object Repository/POS_AccountSale_CHC/Page_Frameworks (Demo)/Page_Frameworks (Demo)/div_ACCOUNT (A)' is clicked on

17-09-2024T12:05:20 - [MESSAGE][PASSED] - Object: 'Object Repository/POS_AccountSale_CHC/Page_Frameworks (Demo)/Page_Frameworks (Demo)/div_ACCOUNT (A)' is clicked on

17-09-2024T12:05:20 - [TEST_STEP][PASSED] - sourceFile = new java.io.FileInputStream(ExcelFile): null

17-09-2024T12:05:21 - [TEST_STEP][PASSED] - workbook = new org.apache.poi.xssf.usermodel.XSSFWorkbook(sourceFile): null

17-09-2024T12:05:21 - [TEST_STEP][PASSED] - sheet = workbook.getSheet("Sheet1"): null

17-09-2024T12:05:21 - [TEST_STEP][PASSED] - row = sheet.getRow(0): null

17-09-2024T12:05:21 - [TEST_STEP][PASSED] - cell = row.getCell(1): null

17-09-2024T12:05:21 - [TEST_STEP][PASSED] - row = sheet.createRow(1): null

17-09-2024T12:05:21 - [TEST_STEP][PASSED] - cell = row.createCell(0): null

17-09-2024T12:05:21 - [TEST_STEP][PASSED] - cell.setCellValue("Invoice Number"): null

17-09-2024T12:05:21 - [TEST_STEP][PASSED] - cell = row.createCell(1): null

17-09-2024T12:05:21 - [TEST_STEP][PASSED] - cell.setCellValue(invoiceNum): null

17-09-2024T12:05:21 - [TEST_STEP][PASSED] - fos = new java.io.FileOutputStream(ExcelFile): null

17-09-2024T12:05:21 - [TEST_STEP][PASSED] - workbook.write(fos): null

17-09-2024T12:05:21 - [TEST_STEP][PASSED] - fos.close(): null

17-09-2024T12:05:21 - [TEST_STEP][PASSED] - sourceFile.close(): null

17-09-2024T12:05:21 - [TEST_STEP][PASSED] - click(findTestObject("Object Repository/Create_PurchaseOrder_CHC/Page_Frameworks (Demo)/img_Accountdropd")): Object: 'Object Repository/Create_PurchaseOrder_CHC/Page_Frameworks (Demo)/img_Accountdropd' is clicked on

17-09-2024T12:05:24 - [MESSAGE][PASSED] - Object: 'Object Repository/Create_PurchaseOrder_CHC/Page_Frameworks (Demo)/img_Accountdropd' is clicked on

17-09-2024T12:05:24 - [TEST_STEP][PASSED] - click(findTestObject("Object Repository/Create_PurchaseOrder_CHC/Page_Frameworks (Demo)/div_Logout")): Object: 'Object Repository/Create_PurchaseOrder_CHC/Page_Frameworks (Demo)/div_Logout' is clicked on

17-09-2024T12:05:25 - [MESSAGE][PASSED] - Object: 'Object Repository/Create_PurchaseOrder_CHC/Page_Frameworks (Demo)/div_Logout' is clicked on]]></system-out>
         <system-err><![CDATA[]]></system-err>
      </testcase>
      <testcase name="Test Cases/CHC_Instance/PointofSale_Module/TS2_POS_AccountSale/POS_AccountSale_Validate_CHC" time="20.734" classname="Test Cases/CHC_Instance/PointofSale_Module/TS2_POS_AccountSale/POS_AccountSale_Validate_CHC" status="PASSED">
         <system-out><![CDATA[17-09-2024T12:05:25 - [TEST_CASE][PASSED] - Test Cases/CHC_Instance/PointofSale_Module/TS2_POS_AccountSale/POS_AccountSale_Validate_CHC: Test Cases/CHC_Instance/PointofSale_Module/TS2_POS_AccountSale/POS_AccountSale_Validate_CHC

17-09-2024T12:05:25 - [TEST_STEP][PASSED] - sourceFile = new java.io.FileInputStream(ExcelFile): null

17-09-2024T12:05:25 - [TEST_STEP][PASSED] - workbook = new org.apache.poi.xssf.usermodel.XSSFWorkbook(sourceFile): null

17-09-2024T12:05:25 - [TEST_STEP][PASSED] - sheet = workbook.getSheet("Sheet1"): null

17-09-2024T12:05:25 - [TEST_STEP][PASSED] - row = sheet.getRow(1): null

17-09-2024T12:05:25 - [TEST_STEP][PASSED] - cell = row.getCell(1): null

17-09-2024T12:05:25 - [TEST_STEP][PASSED] - invoiceNum = cell.getStringCellValue(): null

17-09-2024T12:05:25 - [TEST_STEP][PASSED] - println(invoiceNum): null

17-09-2024T12:05:25 - [TEST_STEP][PASSED] - sourceFile.close(): null

17-09-2024T12:05:25 - [TEST_STEP][PASSED] - openBrowser(""): Browser is opened with url: ''

17-09-2024T12:05:25 - [MESSAGE][WARNING] - A browser is already opened. Closing browser and opening a new one

17-09-2024T12:05:25 - [MESSAGE][INFO] - Starting 'Chrome' driver

17-09-2024T12:05:25 - [MESSAGE][INFO] - Action delay is set to 0 milliseconds

17-09-2024T12:05:26 - [MESSAGE][PASSED] - Browser is opened with url: ''

17-09-2024T12:05:26 - [TEST_STEP][PASSED] - maximizeWindow(): Current window maximized

17-09-2024T12:05:26 - [MESSAGE][PASSED] - Current window maximized

17-09-2024T12:05:26 - [TEST_STEP][PASSED] - navigateToUrl("http://frameworks.cairnshardware.com.au:8080/FWDemo/Fluid.html#homeDashboard,dash,Frameworks.Activity.Menu.HomeDashBoard"): Navigate to 'http://frameworks.cairnshardware.com.au:8080/FWDemo/Fluid.html#homeDashboard,dash,Frameworks.Activity.Menu.HomeDashBoard' successfully

17-09-2024T12:05:30 - [MESSAGE][PASSED] - Navigate to 'http://frameworks.cairnshardware.com.au:8080/FWDemo/Fluid.html#homeDashboard,dash,Frameworks.Activity.Menu.HomeDashBoard' successfully

17-09-2024T12:05:30 - [TEST_STEP][PASSED] - setText(findTestObject("Object Repository/POS_AccountSale_CHC/Page_Frameworks (Demo)/input_User ID_userid"), userName): Text 'manaki' is set on object 'Object Repository/POS_AccountSale_CHC/Page_Frameworks (Demo)/input_User ID_userid'

17-09-2024T12:05:33 - [MESSAGE][PASSED] - Text 'manaki' is set on object 'Object Repository/POS_AccountSale_CHC/Page_Frameworks (Demo)/input_User ID_userid'

17-09-2024T12:05:33 - [TEST_STEP][PASSED] - setEncryptedText(findTestObject("Object Repository/POS_AccountSale_CHC/Page_Frameworks (Demo)/input_Password_password"), "BvRmjN+0xFM="): Text ****** has been set on object 'Object Repository/POS_AccountSale_CHC/Page_Frameworks (Demo)/input_Password_password'

17-09-2024T12:05:33 - [MESSAGE][PASSED] - Text ****** has been set on object 'Object Repository/POS_AccountSale_CHC/Page_Frameworks (Demo)/input_Password_password'

17-09-2024T12:05:33 - [TEST_STEP][PASSED] - click(findTestObject("Object Repository/POS_AccountSale_CHC/Page_Frameworks (Demo)/div_Login")): Object: 'Object Repository/POS_AccountSale_CHC/Page_Frameworks (Demo)/div_Login' is clicked on

17-09-2024T12:05:34 - [MESSAGE][PASSED] - Object: 'Object Repository/POS_AccountSale_CHC/Page_Frameworks (Demo)/div_Login' is clicked on

17-09-2024T12:05:34 - [TEST_STEP][PASSED] - click(findTestObject("Object Repository/POS_AccountSale_CHC/Page_Frameworks (Demo)/Page_Frameworks (Demo)/img_CustomerDashboard")): Object: 'Object Repository/POS_AccountSale_CHC/Page_Frameworks (Demo)/Page_Frameworks (Demo)/img_CustomerDashboard' is clicked on

17-09-2024T12:05:36 - [MESSAGE][PASSED] - Object: 'Object Repository/POS_AccountSale_CHC/Page_Frameworks (Demo)/Page_Frameworks (Demo)/img_CustomerDashboard' is clicked on

17-09-2024T12:05:36 - [TEST_STEP][PASSED] - setText(findTestObject("Object Repository/POS_AccountSale_CHC/Page_Frameworks (Demo)/Page_Frameworks (Demo)/input_Customer No_CustId"), "518451"): Text '518451' is set on object 'Object Repository/POS_AccountSale_CHC/Page_Frameworks (Demo)/Page_Frameworks (Demo)/input_Customer No_CustId'

17-09-2024T12:05:37 - [MESSAGE][PASSED] - Text '518451' is set on object 'Object Repository/POS_AccountSale_CHC/Page_Frameworks (Demo)/Page_Frameworks (Demo)/input_Customer No_CustId'

17-09-2024T12:05:37 - [TEST_STEP][PASSED] - click(findTestObject("Object Repository/POS_AccountSale_CHC/Page_Frameworks (Demo)/Page_Frameworks (Demo)/td_Find")): Object: 'Object Repository/POS_AccountSale_CHC/Page_Frameworks (Demo)/Page_Frameworks (Demo)/td_Find' is clicked on

17-09-2024T12:05:37 - [MESSAGE][PASSED] - Object: 'Object Repository/POS_AccountSale_CHC/Page_Frameworks (Demo)/Page_Frameworks (Demo)/td_Find' is clicked on

17-09-2024T12:05:37 - [TEST_STEP][PASSED] - delay(2): Delayed 2 second(s)

17-09-2024T12:05:39 - [MESSAGE][PASSED] - Delayed 2 second(s)

17-09-2024T12:05:39 - [TEST_STEP][PASSED] - takeFullPageScreenshot(): Taking screenshot successfully

17-09-2024T12:05:40 - [MESSAGE][INFO] - 0 hidden object(s)

17-09-2024T12:05:40 - [MESSAGE][PASSED] - Taking screenshot successfully
[[ATTACHMENT|C:\\Users\\User\\git\\frameworks-regression-test-automation\\Reports\\20240917_120422\\CHC_Instance\\PointofSale_Module\\TS2_POS_AccountSale_CHC\\20240917_120422\\1726538739963.png]]

17-09-2024T12:05:40 - [TEST_STEP][PASSED] - click(findTestObject("Object Repository/POS_AccountSale_CHC/Page_Frameworks (Demo)/Page_Frameworks (Demo)/div_Invoices, Orders, Quotes, Projects  Jobs")): Object: 'Object Repository/POS_AccountSale_CHC/Page_Frameworks (Demo)/Page_Frameworks (Demo)/div_Invoices, Orders, Quotes, Projects  Jobs' is clicked on

17-09-2024T12:05:41 - [MESSAGE][PASSED] - Object: 'Object Repository/POS_AccountSale_CHC/Page_Frameworks (Demo)/Page_Frameworks (Demo)/div_Invoices, Orders, Quotes, Projects  Jobs' is clicked on

17-09-2024T12:05:41 - [TEST_STEP][PASSED] - delay(2): Delayed 2 second(s)

17-09-2024T12:05:43 - [MESSAGE][PASSED] - Delayed 2 second(s)

17-09-2024T12:05:43 - [TEST_STEP][PASSED] - takeFullPageScreenshot(): Taking screenshot successfully

17-09-2024T12:05:44 - [MESSAGE][INFO] - 0 hidden object(s)

17-09-2024T12:05:44 - [MESSAGE][PASSED] - Taking screenshot successfully
[[ATTACHMENT|C:\\Users\\User\\git\\frameworks-regression-test-automation\\Reports\\20240917_120422\\CHC_Instance\\PointofSale_Module\\TS2_POS_AccountSale_CHC\\20240917_120422\\1726538743706.png]]

17-09-2024T12:05:44 - [TEST_STEP][PASSED] - verifyTextPresent(invoiceNum, false): Text '12965188' is present on page 

17-09-2024T12:05:44 - [MESSAGE][PASSED] - Text '12965188' is present on page 

17-09-2024T12:05:44 - [TEST_STEP][PASSED] - click(findTestObject("Object Repository/Create_PurchaseOrder_CHC/Page_Frameworks (Demo)/img_Accountdropd")): Object: 'Object Repository/Create_PurchaseOrder_CHC/Page_Frameworks (Demo)/img_Accountdropd' is clicked on

17-09-2024T12:05:45 - [MESSAGE][PASSED] - Object: 'Object Repository/Create_PurchaseOrder_CHC/Page_Frameworks (Demo)/img_Accountdropd' is clicked on

17-09-2024T12:05:45 - [TEST_STEP][PASSED] - click(findTestObject("Object Repository/Create_PurchaseOrder_CHC/Page_Frameworks (Demo)/div_Logout")): Object: 'Object Repository/Create_PurchaseOrder_CHC/Page_Frameworks (Demo)/div_Logout' is clicked on

17-09-2024T12:05:45 - [MESSAGE][PASSED] - Object: 'Object Repository/Create_PurchaseOrder_CHC/Page_Frameworks (Demo)/div_Logout' is clicked on]]></system-out>
         <system-err><![CDATA[]]></system-err>
      </testcase>
      <system-out><![CDATA[17-09-2024T12:04:28 - [TEST_SUITE][PASSED] - TS2_POS_AccountSale_CHC: Test Cases/CHC_Instance/PointofSale_Module/TS2_POS_AccountSale/POS_AccountSale_Validate_CHC]]></system-out>
      <system-err><![CDATA[]]></system-err>
   </testsuite>
</testsuites>
