<?xml version="1.0" encoding="UTF-8"?>
<testsuites name="TS1_POS_CashSale" time="53.537" tests="1" failures="0" errors="0">
   <testsuite name="TS1_POS_CashSale" tests="1" failures="0" errors="0" time="53.537" skipped="0" timestamp="06-02-2025T07:34:41" hostname="azureuser - 10.192.8.5" id="Test Suites/DBC_Instance/PointofSale_Module/New_Interface/TS1_POS_CashSale">
      <properties>
[...]
</properties>
      <testcase name="Test Cases/DBC_Instance/PointofSale_Module/TS1_POS_CashSale/POS_CashSale - New" time="53.164" classname="Test Cases/DBC_Instance/PointofSale_Module/TS1_POS_CashSale/POS_CashSale - New" status="PASSED">
         <system-out><![CDATA[06-02-2025T07:34:42 - [TEST_CASE][PASSED] - Test Cases/DBC_Instance/PointofSale_Module/TS1_POS_CashSale/POS_CashSale - New: Test Cases/DBC_Instance/PointofSale_Module/TS1_POS_CashSale/POS_CashSale - New

06-02-2025T07:34:43 - [TEST_STEP][PASSED] - sourceTestData_FwksEnv = new java.io.FileInputStream(Source_Env): null

06-02-2025T07:34:43 - [TEST_STEP][PASSED] - sourceTestDataContainer_workbook = new org.apache.poi.xssf.usermodel.XSSFWorkbook(sourceTestData_FwksEnv): null

06-02-2025T07:34:44 - [TEST_STEP][PASSED] - sourceTestData_sheet = sourceTestDataContainer_workbook.getSheet("Sheet1"): null

06-02-2025T07:34:44 - [TEST_STEP][PASSED] - currentSheet_row = sourceTestData_sheet.getRow(4): null

06-02-2025T07:34:44 - [TEST_STEP][PASSED] - currentSheet_cell = currentSheet_row.getCell(1): null

06-02-2025T07:34:44 - [TEST_STEP][PASSED] - DBC_Demo = currentSheet_cell.getStringCellValue(): null

06-02-2025T07:34:44 - [TEST_STEP][PASSED] - println(DBC_Demo): null

06-02-2025T07:34:44 - [TEST_STEP][PASSED] - sourceTestData_FwksEnv.close(): null

06-02-2025T07:34:44 - [TEST_STEP][PASSED] - openBrowser(""): Browser is opened with url: ''

06-02-2025T07:34:45 - [MESSAGE][INFO] - Starting 'Chrome' driver

06-02-2025T07:34:45 - [MESSAGE][INFO] - Action delay is set to 0 milliseconds

06-02-2025T07:34:47 - [MESSAGE][PASSED] - Browser is opened with url: ''

06-02-2025T07:34:47 - [TEST_STEP][PASSED] - maximizeWindow(): Current window maximized

06-02-2025T07:34:48 - [MESSAGE][PASSED] - Current window maximized

06-02-2025T07:34:48 - [TEST_STEP][PASSED] - DBC_Demo = "http://frameworks.dahlsens.com.au:8080/FWDemo/Fluid.html#homeDashboard,dash,Frameworks.Activity.Menu.HomeDashBoard": null

06-02-2025T07:34:48 - [TEST_STEP][PASSED] - navigateToUrl(DBC_Demo): Navigate to 'http://frameworks.dahlsens.com.au:8080/FWDemo/Fluid.html#homeDashboard,dash,Frameworks.Activity.Menu.HomeDashBoard' successfully

06-02-2025T07:34:49 - [MESSAGE][PASSED] - Navigate to 'http://frameworks.dahlsens.com.au:8080/FWDemo/Fluid.html#homeDashboard,dash,Frameworks.Activity.Menu.HomeDashBoard' successfully

06-02-2025T07:34:49 - [TEST_STEP][PASSED] - setText(findTestObject("Object Repository/TS1_POS_CashSale_DBC/New_Interface/Page_Frameworks (Demo)/input_User ID_userid"), userName): Text 'manaki' is set on object 'Object Repository/TS1_POS_CashSale_DBC/New_Interface/Page_Frameworks (Demo)/input_User ID_userid'

06-02-2025T07:34:51 - [MESSAGE][PASSED] - Text 'manaki' is set on object 'Object Repository/TS1_POS_CashSale_DBC/New_Interface/Page_Frameworks (Demo)/input_User ID_userid'

06-02-2025T07:34:51 - [TEST_STEP][PASSED] - setEncryptedText(findTestObject("Object Repository/TS1_POS_CashSale_DBC/New_Interface/Page_Frameworks (Demo)/input_Password_password"), "FHoXGFMjtD0="): Text ****** has been set on object 'Object Repository/TS1_POS_CashSale_DBC/New_Interface/Page_Frameworks (Demo)/input_Password_password'

06-02-2025T07:34:51 - [MESSAGE][PASSED] - Text ****** has been set on object 'Object Repository/TS1_POS_CashSale_DBC/New_Interface/Page_Frameworks (Demo)/input_Password_password'

06-02-2025T07:34:51 - [TEST_STEP][PASSED] - click(findTestObject("Object Repository/TS1_POS_CashSale_DBC/New_Interface/Page_Frameworks (Demo)/div_Login")): Object: 'Object Repository/TS1_POS_CashSale_DBC/New_Interface/Page_Frameworks (Demo)/div_Login' is clicked on

06-02-2025T07:34:52 - [MESSAGE][PASSED] - Object: 'Object Repository/TS1_POS_CashSale_DBC/New_Interface/Page_Frameworks (Demo)/div_Login' is clicked on

06-02-2025T07:34:52 - [TEST_STEP][PASSED] - click(findTestObject("Object Repository/TS1_POS_CashSale_DBC/New_Interface/Page_Frameworks (Demo)/img_MenuIcon")): Object: 'Object Repository/TS1_POS_CashSale_DBC/New_Interface/Page_Frameworks (Demo)/img_MenuIcon' is clicked on

06-02-2025T07:34:56 - [MESSAGE][PASSED] - Object: 'Object Repository/TS1_POS_CashSale_DBC/New_Interface/Page_Frameworks (Demo)/img_MenuIcon' is clicked on

06-02-2025T07:34:56 - [TEST_STEP][PASSED] - click(findTestObject("Object Repository/TS1_POS_CashSale_DBC/New_Interface/Page_Frameworks (Demo)/b_Transaction Processing")): Object: 'Object Repository/TS1_POS_CashSale_DBC/New_Interface/Page_Frameworks (Demo)/b_Transaction Processing' is clicked on

06-02-2025T07:34:58 - [MESSAGE][PASSED] - Object: 'Object Repository/TS1_POS_CashSale_DBC/New_Interface/Page_Frameworks (Demo)/b_Transaction Processing' is clicked on

06-02-2025T07:34:58 - [TEST_STEP][PASSED] - click(findTestObject("Object Repository/TS1_POS_CashSale_DBC/New_Interface/Page_Frameworks (Demo)/td_Point Of Sale")): Object: 'Object Repository/TS1_POS_CashSale_DBC/New_Interface/Page_Frameworks (Demo)/td_Point Of Sale' is clicked on

06-02-2025T07:34:59 - [MESSAGE][PASSED] - Object: 'Object Repository/TS1_POS_CashSale_DBC/New_Interface/Page_Frameworks (Demo)/td_Point Of Sale' is clicked on

06-02-2025T07:34:59 - [TEST_STEP][PASSED] - invoiceNum = getText(findTestObject("Object Repository/TS1_POS_CashSale_DBC/New_Interface/Page_Frameworks (Demo)/div_invoiceNum")): Text of object 'Object Repository/TS1_POS_CashSale_DBC/New_Interface/Page_Frameworks (Demo)/div_invoiceNum' is: '20305116'

06-02-2025T07:35:02 - [MESSAGE][PASSED] - Text of object 'Object Repository/TS1_POS_CashSale_DBC/New_Interface/Page_Frameworks (Demo)/div_invoiceNum' is: '20305116'

06-02-2025T07:35:02 - [TEST_STEP][PASSED] - setText(findTestObject("Object Repository/TS1_POS_CashSale_DBC/New_Interface/Page_Frameworks (Demo)/input_P_prodId"), "594"): Text '594' is set on object 'Object Repository/TS1_POS_CashSale_DBC/New_Interface/Page_Frameworks (Demo)/input_P_prodId'

06-02-2025T07:35:03 - [MESSAGE][PASSED] - Text '594' is set on object 'Object Repository/TS1_POS_CashSale_DBC/New_Interface/Page_Frameworks (Demo)/input_P_prodId'

06-02-2025T07:35:03 - [TEST_STEP][PASSED] - click(findTestObject("Object Repository/TS1_POS_CashSale_DBC/New_Interface/Page_Frameworks (Demo)/input_Quantity_quantityOrdered")): Object: 'Object Repository/TS1_POS_CashSale_DBC/New_Interface/Page_Frameworks (Demo)/input_Quantity_quantityOrdered' is clicked on

06-02-2025T07:35:04 - [MESSAGE][PASSED] - Object: 'Object Repository/TS1_POS_CashSale_DBC/New_Interface/Page_Frameworks (Demo)/input_Quantity_quantityOrdered' is clicked on

06-02-2025T07:35:04 - [TEST_STEP][PASSED] - click(findTestObject("Object Repository/TS1_POS_CashSale_DBC/New_Interface/Page_Frameworks (Demo)/img_add")): Object: 'Object Repository/TS1_POS_CashSale_DBC/New_Interface/Page_Frameworks (Demo)/img_add' is clicked on

06-02-2025T07:35:05 - [MESSAGE][PASSED] - Object: 'Object Repository/TS1_POS_CashSale_DBC/New_Interface/Page_Frameworks (Demo)/img_add' is clicked on

06-02-2025T07:35:05 - [TEST_STEP][PASSED] - delay(2): Delayed 2 second(s)

06-02-2025T07:35:07 - [MESSAGE][PASSED] - Delayed 2 second(s)

06-02-2025T07:35:07 - [TEST_STEP][PASSED] - takeFullPageScreenshot(): Taking screenshot successfully

06-02-2025T07:35:08 - [MESSAGE][INFO] - 0 hidden object(s)

06-02-2025T07:35:08 - [MESSAGE][PASSED] - Taking screenshot successfully
[[ATTACHMENT|C:\\Users\\azureuser\\git\\frameworks-regression-test-automation\\Reports\\20250206_073430\\DBC_Instance\\PointofSale_Module\\New_Interface\\TS1_POS_CashSale\\20250206_073431\\1738827307495.png]]

06-02-2025T07:35:08 - [TEST_STEP][PASSED] - setText(findTestObject("Object Repository/TS1_POS_CashSale_DBC/New_Interface/Page_Frameworks (Demo)/input_P_prodId"), "pfr7035"): Text 'pfr7035' is set on object 'Object Repository/TS1_POS_CashSale_DBC/New_Interface/Page_Frameworks (Demo)/input_P_prodId'

06-02-2025T07:35:08 - [MESSAGE][PASSED] - Text 'pfr7035' is set on object 'Object Repository/TS1_POS_CashSale_DBC/New_Interface/Page_Frameworks (Demo)/input_P_prodId'

06-02-2025T07:35:08 - [TEST_STEP][PASSED] - click(findTestObject("Object Repository/TS1_POS_CashSale_DBC/New_Interface/Page_Frameworks (Demo)/input_Quantity_quantityOrdered")): Object: 'Object Repository/TS1_POS_CashSale_DBC/New_Interface/Page_Frameworks (Demo)/input_Quantity_quantityOrdered' is clicked on

06-02-2025T07:35:09 - [MESSAGE][PASSED] - Object: 'Object Repository/TS1_POS_CashSale_DBC/New_Interface/Page_Frameworks (Demo)/input_Quantity_quantityOrdered' is clicked on

06-02-2025T07:35:09 - [TEST_STEP][PASSED] - click(findTestObject("Object Repository/TS1_POS_CashSale_DBC/New_Interface/Page_Frameworks (Demo)/td_Tally Maintenance")): Object: 'Object Repository/TS1_POS_CashSale_DBC/New_Interface/Page_Frameworks (Demo)/td_Tally Maintenance' is clicked on

06-02-2025T07:35:11 - [MESSAGE][PASSED] - Object: 'Object Repository/TS1_POS_CashSale_DBC/New_Interface/Page_Frameworks (Demo)/td_Tally Maintenance' is clicked on

06-02-2025T07:35:11 - [TEST_STEP][PASSED] - click(findTestObject("Object Repository/TS1_POS_CashSale_DBC/New_Interface/Page_Frameworks (Demo)/div_Quantity_Col")): Object: 'Object Repository/TS1_POS_CashSale_DBC/New_Interface/Page_Frameworks (Demo)/div_Quantity_Col' is clicked on

06-02-2025T07:35:12 - [MESSAGE][PASSED] - Object: 'Object Repository/TS1_POS_CashSale_DBC/New_Interface/Page_Frameworks (Demo)/div_Quantity_Col' is clicked on

06-02-2025T07:35:12 - [TEST_STEP][PASSED] - sendKeys(findTestObject("Object Repository/TS1_POS_CashSale_DBC/New_Interface/Page_Frameworks (Demo)/input_LM_tallyQuantity"), "1"): Keys '1' sent to object: 'Object Repository/TS1_POS_CashSale_DBC/New_Interface/Page_Frameworks (Demo)/input_LM_tallyQuantity'

06-02-2025T07:35:13 - [MESSAGE][PASSED] - Keys '1' sent to object: 'Object Repository/TS1_POS_CashSale_DBC/New_Interface/Page_Frameworks (Demo)/input_LM_tallyQuantity'

06-02-2025T07:35:13 - [TEST_STEP][PASSED] - click(findTestObject("Object Repository/TS1_POS_CashSale_DBC/New_Interface/Page_Frameworks (Demo)/div_Length_Col")): Object: 'Object Repository/TS1_POS_CashSale_DBC/New_Interface/Page_Frameworks (Demo)/div_Length_Col' is clicked on

06-02-2025T07:35:13 - [MESSAGE][PASSED] - Object: 'Object Repository/TS1_POS_CashSale_DBC/New_Interface/Page_Frameworks (Demo)/div_Length_Col' is clicked on

06-02-2025T07:35:13 - [TEST_STEP][PASSED] - sendKeys(findTestObject("Object Repository/TS1_POS_CashSale_DBC/New_Interface/Page_Frameworks (Demo)/input_LM_tallyLength"), "3"): Keys '3' sent to object: 'Object Repository/TS1_POS_CashSale_DBC/New_Interface/Page_Frameworks (Demo)/input_LM_tallyLength'

06-02-2025T07:35:14 - [MESSAGE][PASSED] - Keys '3' sent to object: 'Object Repository/TS1_POS_CashSale_DBC/New_Interface/Page_Frameworks (Demo)/input_LM_tallyLength'

06-02-2025T07:35:14 - [TEST_STEP][PASSED] - click(findTestObject("Object Repository/TS1_POS_CashSale_DBC/New_Interface/Page_Frameworks (Demo)/td_Add")): Object: 'Object Repository/TS1_POS_CashSale_DBC/New_Interface/Page_Frameworks (Demo)/td_Add' is clicked on

06-02-2025T07:35:15 - [MESSAGE][PASSED] - Object: 'Object Repository/TS1_POS_CashSale_DBC/New_Interface/Page_Frameworks (Demo)/td_Add' is clicked on

06-02-2025T07:35:15 - [TEST_STEP][PASSED] - sendKeys(findTestObject("Object Repository/TS1_POS_CashSale_DBC/New_Interface/Page_Frameworks (Demo)/input_LM_tallyQuantity_1_2"), "1"): Keys '1' sent to object: 'Object Repository/TS1_POS_CashSale_DBC/New_Interface/Page_Frameworks (Demo)/input_LM_tallyQuantity_1_2'

06-02-2025T07:35:16 - [MESSAGE][PASSED] - Keys '1' sent to object: 'Object Repository/TS1_POS_CashSale_DBC/New_Interface/Page_Frameworks (Demo)/input_LM_tallyQuantity_1_2'

06-02-2025T07:35:16 - [TEST_STEP][PASSED] - click(findTestObject("Object Repository/TS1_POS_CashSale_DBC/New_Interface/Page_Frameworks (Demo)/div_Length_Col_Row2")): Object: 'Object Repository/TS1_POS_CashSale_DBC/New_Interface/Page_Frameworks (Demo)/div_Length_Col_Row2' is clicked on

06-02-2025T07:35:16 - [MESSAGE][PASSED] - Object: 'Object Repository/TS1_POS_CashSale_DBC/New_Interface/Page_Frameworks (Demo)/div_Length_Col_Row2' is clicked on

06-02-2025T07:35:16 - [TEST_STEP][PASSED] - sendKeys(findTestObject("Object Repository/TS1_POS_CashSale_DBC/New_Interface/Page_Frameworks (Demo)/input_LM_tallyLength_1_2"), "2"): Keys '2' sent to object: 'Object Repository/TS1_POS_CashSale_DBC/New_Interface/Page_Frameworks (Demo)/input_LM_tallyLength_1_2'

06-02-2025T07:35:17 - [MESSAGE][PASSED] - Keys '2' sent to object: 'Object Repository/TS1_POS_CashSale_DBC/New_Interface/Page_Frameworks (Demo)/input_LM_tallyLength_1_2'

06-02-2025T07:35:17 - [TEST_STEP][PASSED] - delay(2): Delayed 2 second(s)

06-02-2025T07:35:19 - [MESSAGE][PASSED] - Delayed 2 second(s)

06-02-2025T07:35:19 - [TEST_STEP][PASSED] - takeFullPageScreenshot(): Taking screenshot successfully

06-02-2025T07:35:19 - [MESSAGE][INFO] - 0 hidden object(s)

06-02-2025T07:35:19 - [MESSAGE][PASSED] - Taking screenshot successfully
[[ATTACHMENT|C:\\Users\\azureuser\\git\\frameworks-regression-test-automation\\Reports\\20250206_073430\\DBC_Instance\\PointofSale_Module\\New_Interface\\TS1_POS_CashSale\\20250206_073431\\1738827319468.png]]

06-02-2025T07:35:19 - [TEST_STEP][PASSED] - click(findTestObject("Object Repository/TS1_POS_CashSale_DBC/New_Interface/Page_Frameworks (Demo)/td_SaveClose (S)")): Object: 'Object Repository/TS1_POS_CashSale_DBC/New_Interface/Page_Frameworks (Demo)/td_SaveClose (S)' is clicked on

06-02-2025T07:35:20 - [MESSAGE][PASSED] - Object: 'Object Repository/TS1_POS_CashSale_DBC/New_Interface/Page_Frameworks (Demo)/td_SaveClose (S)' is clicked on

06-02-2025T07:35:20 - [TEST_STEP][PASSED] - click(findTestObject("Object Repository/TS1_POS_CashSale_DBC/New_Interface/Page_Frameworks (Demo)/img_add")): Object: 'Object Repository/TS1_POS_CashSale_DBC/New_Interface/Page_Frameworks (Demo)/img_add' is clicked on

06-02-2025T07:35:22 - [MESSAGE][PASSED] - Object: 'Object Repository/TS1_POS_CashSale_DBC/New_Interface/Page_Frameworks (Demo)/img_add' is clicked on

06-02-2025T07:35:22 - [TEST_STEP][PASSED] - delay(2): Delayed 2 second(s)

06-02-2025T07:35:24 - [MESSAGE][PASSED] - Delayed 2 second(s)

06-02-2025T07:35:24 - [TEST_STEP][PASSED] - takeFullPageScreenshot(): Taking screenshot successfully

06-02-2025T07:35:24 - [MESSAGE][INFO] - 0 hidden object(s)

06-02-2025T07:35:24 - [MESSAGE][PASSED] - Taking screenshot successfully
[[ATTACHMENT|C:\\Users\\azureuser\\git\\frameworks-regression-test-automation\\Reports\\20250206_073430\\DBC_Instance\\PointofSale_Module\\New_Interface\\TS1_POS_CashSale\\20250206_073431\\1738827324261.png]]

06-02-2025T07:35:24 - [TEST_STEP][PASSED] - click(findTestObject("Object Repository/TS1_POS_CashSale_DBC/New_Interface/Page_Frameworks (Demo)/div_FinishSale (S)")): Object: 'Object Repository/TS1_POS_CashSale_DBC/New_Interface/Page_Frameworks (Demo)/div_FinishSale (S)' is clicked on

06-02-2025T07:35:25 - [MESSAGE][PASSED] - Object: 'Object Repository/TS1_POS_CashSale_DBC/New_Interface/Page_Frameworks (Demo)/div_FinishSale (S)' is clicked on

06-02-2025T07:35:25 - [TEST_STEP][PASSED] - click(findTestObject("Object Repository/TS1_POS_CashSale_DBC/New_Interface/Page_Frameworks (Demo)/div_100 Cash")): Object: 'Object Repository/TS1_POS_CashSale_DBC/New_Interface/Page_Frameworks (Demo)/div_100 Cash' is clicked on

06-02-2025T07:35:29 - [MESSAGE][PASSED] - Object: 'Object Repository/TS1_POS_CashSale_DBC/New_Interface/Page_Frameworks (Demo)/div_100 Cash' is clicked on

06-02-2025T07:35:29 - [TEST_STEP][PASSED] - delay(2): Delayed 2 second(s)

06-02-2025T07:35:31 - [MESSAGE][PASSED] - Delayed 2 second(s)

06-02-2025T07:35:31 - [TEST_STEP][PASSED] - takeFullPageScreenshot(): Taking screenshot successfully

06-02-2025T07:35:31 - [MESSAGE][INFO] - 0 hidden object(s)

06-02-2025T07:35:31 - [MESSAGE][PASSED] - Taking screenshot successfully
[[ATTACHMENT|C:\\Users\\azureuser\\git\\frameworks-regression-test-automation\\Reports\\20250206_073430\\DBC_Instance\\PointofSale_Module\\New_Interface\\TS1_POS_CashSale\\20250206_073431\\1738827331261.png]]

06-02-2025T07:35:31 - [TEST_STEP][PASSED] - click(findTestObject("Object Repository/TS1_POS_CashSale_DBC/New_Interface/Page_Frameworks (Demo)/td_SaveClose (S)")): Object: 'Object Repository/TS1_POS_CashSale_DBC/New_Interface/Page_Frameworks (Demo)/td_SaveClose (S)' is clicked on

06-02-2025T07:35:32 - [MESSAGE][PASSED] - Object: 'Object Repository/TS1_POS_CashSale_DBC/New_Interface/Page_Frameworks (Demo)/td_SaveClose (S)' is clicked on

06-02-2025T07:35:32 - [TEST_STEP][PASSED] - click(findTestObject("Object Repository/TS2_POS_AccountSale_DBC/New_Interface/Page_Frameworks (Demo)/img_AccountDropdown")): Object: 'Object Repository/TS2_POS_AccountSale_DBC/New_Interface/Page_Frameworks (Demo)/img_AccountDropdown' is clicked on

06-02-2025T07:35:34 - [MESSAGE][PASSED] - Object: 'Object Repository/TS2_POS_AccountSale_DBC/New_Interface/Page_Frameworks (Demo)/img_AccountDropdown' is clicked on

06-02-2025T07:35:34 - [TEST_STEP][PASSED] - click(findTestObject("Object Repository/TS2_POS_AccountSale_DBC/New_Interface/Page_Frameworks (Demo)/div_Logout")): Object: 'Object Repository/TS2_POS_AccountSale_DBC/New_Interface/Page_Frameworks (Demo)/div_Logout' is clicked on

06-02-2025T07:35:35 - [MESSAGE][PASSED] - Object: 'Object Repository/TS2_POS_AccountSale_DBC/New_Interface/Page_Frameworks (Demo)/div_Logout' is clicked on]]></system-out>
         <system-err><![CDATA[]]></system-err>
      </testcase>
      <system-out><![CDATA[06-02-2025T07:34:41 - [TEST_SUITE][PASSED] - TS1_POS_CashSale: Test Cases/DBC_Instance/PointofSale_Module/TS1_POS_CashSale/POS_CashSale - New]]></system-out>
      <system-err><![CDATA[]]></system-err>
   </testsuite>
</testsuites>
